


ARM Macro Assembler    Page 1 


    1 00000000         ;/*
    2 00000000         ; *-----------------------------------------------------
                       ------------------------
    3 00000000         ; * The confidential and proprietary information contain
                       ed in this file may
    4 00000000         ; * only be used by a person authorised under and to the
                        extent permitted
    5 00000000         ; * by a subsisting licensing agreement from ARM Limited
                       .
    6 00000000         ; *
    7 00000000         ; *            (C) COPYRIGHT 2010-2011 ARM Limited.
    8 00000000         ; *                ALL RIGHTS RESERVED
    9 00000000         ; *
   10 00000000         ; * This entire notice must be reproduced on all copies 
                       of this file
   11 00000000         ; * and copies of this file may only be made by a person
                        if such person is
   12 00000000         ; * permitted to do so under the terms of a subsisting l
                       icense agreement
   13 00000000         ; * from ARM Limited.
   14 00000000         ; *
   15 00000000         ; *-----------------------------------------------------
                       ------------------------
   16 00000000         ; */
   17 00000000         
   18 00000000         ;/******************************************************
                       ***********************/
   19 00000000         ;/* Startup.s: Startup file for ARM Cortex-M3 Device Fam
                       ily                   */
   20 00000000         ;/******************************************************
                       ***********************/
   21 00000000         
   22 00000000         
   23 00000000         ;// <h> Stack Configuration
   24 00000000         ;//   <o> Stack Size (in Bytes) <0x0-0xFFFFFFFF:8>
   25 00000000         ;// </h>
   26 00000000         
   27 00000000 00002000 
                       Stack_Size
                               EQU              0x000002000
   28 00000000         
   29 00000000                 AREA             STACK, NOINIT, READWRITE, ALIGN
=3
   30 00000000         Stack_Mem
                               SPACE            Stack_Size
   31 00002000         __initial_sp
   32 00002000         
   33 00002000         
   34 00002000         ;// <h> Heap Configuration
   35 00002000         ;//   <o>  Heap Size (in Bytes) <0x0-0xFFFFFFFF:8>
   36 00002000         ;// </h>
   37 00002000         
   38 00002000 00001000 
                       Heap_Size
                               EQU              0x000001000
   39 00002000         
   40 00002000                 AREA             HEAP, NOINIT, READWRITE, ALIGN=
3
   41 00000000         __heap_base



ARM Macro Assembler    Page 2 


   42 00000000         Heap_Mem
                               SPACE            Heap_Size
   43 00001000         __heap_limit
   44 00001000         
   45 00001000         
   46 00001000                 PRESERVE8
   47 00001000                 THUMB
   48 00001000         
   49 00001000         
   50 00001000         ; Vector Table Mapped to Address 0 at Reset
   51 00001000         
   52 00001000                 AREA             RESET, DATA, READONLY
   53 00000000                 EXPORT           __Vectors
   54 00000000                 EXPORT           __Vectors_End
   55 00000000                 EXPORT           __Vectors_Size
   56 00000000         
   57 00000000 00000000 
                       __Vectors
                               DCD              __initial_sp ; Top of Stack
   58 00000004 00000000        DCD              Reset_Handler ; Reset Handler
   59 00000008 00000000        DCD              NMI_Handler ; NMI Handler
   60 0000000C 00000000        DCD              HardFault_Handler ; Hard Fault 
                                                            Handler
   61 00000010 00000000        DCD              MemoryManagement_Handler ; Memo
                                                            ry Management Handl
                                                            er
   62 00000014 00000000        DCD              BusFault_Handler 
                                                            ; Bus Fault Handler
                                                            
   63 00000018 00000000        DCD              UsageFault_Handler ; Usage Faul
                                                            t Handler
   64 0000001C 00000000        DCD              0           ; Reserved
   65 00000020 00000000        DCD              0           ; Reserved
   66 00000024 00000000        DCD              0           ; Reserved
   67 00000028 00000000        DCD              0           ; Reserved
   68 0000002C 00000000        DCD              SVC_Handler ; SVCall Handler
   69 00000030 00000000        DCD              DebugMonitor_Handler ; Debug Mo
                                                            nitor Handler
   70 00000034 00000000        DCD              0           ; Reserved
   71 00000038 00000000        DCD              PendSV_Handler ; PendSV Handler
                                                            
   72 0000003C 00000000        DCD              SysTick_Handler 
                                                            ; SysTick Handler
   73 00000040         ; External Interrupts
   74 00000040 00000000        DCD              WWDT_IRQHandler ; 16+ 0: Window
                                                             Watchdog
   75 00000044 00000000        DCD              BOD_IRQHandler ; 16+ 1: Brown O
                                                            ut Detect
   76 00000048 00000000        DCD              DAC_IRQHandler ; 16+ 2: DAC
   77 0000004C 00000000        DCD              RTC_IRQHandler ; 16+ 3: RTC
   78 00000050 00000000        DCD              0           ; 16+ 4: Reserved
   79 00000054 00000000        DCD              0           ; 16+ 5: Reserved
   80 00000058 00000000        DCD              EXTI0_IRQHandler 
                                                            ; 16+ 6: EXTI line0
                                                            
   81 0000005C 00000000        DCD              EXTI1_IRQHandler 
                                                            ; 16+ 7: EXTI line1
                                                            
   82 00000060 00000000        DCD              EXTI2_IRQHandler 



ARM Macro Assembler    Page 3 


                                                            ; 16+ 8: EXTI line2
                                                            
   83 00000064 00000000        DCD              EXTI3_IRQHandler 
                                                            ; 16+ 9: EXTI line3
                                                            
   84 00000068 00000000        DCD              EXTI4_IRQHandler 
                                                            ; 16+10: EXTI line4
                                                            
   85 0000006C 00000000        DCD              DMA1_CHANNEL1_IRQHandler ; 16+1
                                                            1: DMA1 channel 1
   86 00000070 00000000        DCD              DMA1_CHANNEL2_IRQHandler ; 16+1
                                                            2: DMA1 channel 2
   87 00000074 00000000        DCD              DMA1_CHANNEL3_IRQHandler ; 16+1
                                                            3: DMA1 channel 3
   88 00000078 00000000        DCD              DMA1_CHANNEL4_IRQHandler ; 16+1
                                                            4: DMA1 channel 4
   89 0000007C 00000000        DCD              DMA1_CHANNEL5_IRQHandler ; 16+1
                                                            5: DMA1 channel 5
   90 00000080 00000000        DCD              DMA1_CHANNEL6_IRQHandler ; 16+1
                                                            6: DMA1 channel 6
   91 00000084 00000000        DCD              DMA1_CHANNEL7_IRQHandler ; 16+1
                                                            7: DMA1 channel 7
   92 00000088 00000000        DCD              ADC1_2_IRQHandler ; 16+18: ADC1
                                                             and ADC2 Converter
                                                            
   93 0000008C 00000000        DCD              USB_IRQHandler 
                                                            ; 16+19: Reserved
   94 00000090 00000000        DCD              0           ; 16+20: Reserved
   95 00000094 00000000        DCD              CAN_IRQHandler 
                                                            ; 16+21: Reserved
   96 00000098 00000000        DCD              0           ; 16+22: Reserved
   97 0000009C 00000000        DCD              EXTI9_5_IRQHandler ; 16+23: EXT
                                                            I line9 and line5
   98 000000A0 00000000        DCD              TIM1FAULT_TIM9_IRQHandler ; 16+
                                                            24: TIM1 Fault & TI
                                                            M9
   99 000000A4 00000000        DCD              TIM10_IRQHandler ; 16+25: TIM10
                                                            
  100 000000A8 00000000        DCD              TIM11_IRQHandler ; 16+26: TIM11
                                                            
  101 000000AC 00000000        DCD              TIM1_IRQHandler ; 16+27: TIM1 
  102 000000B0 00000000        DCD              TIM2_IRQHandler ; 16+28: TIM2 
  103 000000B4 00000000        DCD              TIM3_IRQHandler ; 16+29: TIM3 
  104 000000B8 00000000        DCD              TIM4_IRQHandler ; 16+30: TIM4 
  105 000000BC 00000000        DCD              I2C1_IRQHandler ; 16+31: I2C1
  106 000000C0 00000000        DCD              0           ; 16+32: Reserved
  107 000000C4 00000000        DCD              I2C2_IRQHandler ; 16+33: I2C2
  108 000000C8 00000000        DCD              0           ; 16+34: Reserved
  109 000000CC 00000000        DCD              SPI1_IRQHandler ; 16+35: SPI1
  110 000000D0 00000000        DCD              SPI2_IRQHandler ; 16+36: SPI2
  111 000000D4 00000000        DCD              UART1_IRQHandler ; 16+37: UART1
                                                            
  112 000000D8 00000000        DCD              UART2_IRQHandler ; 16+38: UART2
                                                            
  113 000000DC 00000000        DCD              UART3_IRQHandler ; 16+39: UART3
                                                            
  114 000000E0 00000000        DCD              EXTI15_10_IRQHandler ; 16+40: E
                                                            XTI line[15:10]
  115 000000E4 00000000        DCD              0           ; 16+41: Reserved



ARM Macro Assembler    Page 4 


  116 000000E8 00000000        DCD              USBWAKEUP_IRQHandler ; 16+42: 
  117 000000EC 00000000        DCD              TIM8FAULT_TIM12_IRQHandler ; 16
                                                            +43: TIM8 Fault & T
                                                            IM12
  118 000000F0 00000000        DCD              TIM13_IRQHandler 
                                                            ; 16+44: TIM13 
  119 000000F4 00000000        DCD              TIM14_IRQHandler 
                                                            ; 16+45: TIM14 
  120 000000F8 00000000        DCD              TIM8_IRQHandler ; 16+46: TIM8
  121 000000FC 00000000        DCD              ADC3_IRQHandler ; 16+47: ADC3
  122 00000100 00000000        DCD              SPI4_IRQHandler 
                                                            ; 16+48: Reserved
  123 00000104 00000000        DCD              SPI5_IRQHandler 
                                                            ; 16+49: Reserved
  124 00000108 00000000        DCD              TIM5_IRQHandler ; 16+50: TIM5
  125 0000010C 00000000        DCD              SPI3_IRQHandler ; 16+51: SPI3
  126 00000110 00000000        DCD              UART4_IRQHandler ; 16+52: UART4
                                                            
  127 00000114 00000000        DCD              UART5_IRQHandler ; 16+53: UART5
                                                            
  128 00000118 00000000        DCD              TIM6_IRQHandler ; 16+54: TIM6
  129 0000011C 00000000        DCD              TIM7_IRQHandler ; 16+55: TIM7
  130 00000120 00000000        DCD              DMA2_CHANNEL1_IRQHandler ; 16+5
                                                            6: DMA2 channel 1
  131 00000124 00000000        DCD              DMA2_CHANNEL2_IRQHandler ; 16+5
                                                            7: DMA2 channel 2
  132 00000128 00000000        DCD              DMA2_CHANNEL3_IRQHandler ; 16+5
                                                            8: DMA2 channel 3
  133 0000012C 00000000        DCD              DMA2_CHANNEL4_5_IRQHandler ; 16
                                                            +59: DMA2 channel 4
                                                            &5
  134 00000130 00000000        DCD              0           ; 16+60: 
  135 00000134 00000000        DCD              0           ; 16+61: 
  136 00000138 00000000        DCD              ETH_IRQHandler ; 16+62: 
  137 0000013C 00000000        DCD              ETH_PMT_IRQHandler ; 16+63:
  138 00000140 00000000        DCD              0           ; 16+64: 
  139 00000144 00000000        DCD              CAN2_IRQHandler ; 16+65: 
  140 00000148         
  141 00000148         __Vectors_End
  142 00000148         
  143 00000148 00000148 
                       __Vectors_Size
                               EQU              __Vectors_End - __Vectors
  144 00000148                 AREA             |.text|, CODE, READONLY
  145 00000000         
  146 00000000         
  147 00000000         ; Reset Handler
  148 00000000         
  149 00000000         Reset_Handler
                               PROC
  150 00000000                 EXPORT           Reset_Handler             [WEAK
]
  151 00000000                 IMPORT           __main
  152 00000000         ;                IMPORT  SystemInit
  153 00000000         
  154 00000000         ;                LDR     R0, =SystemInit
  155 00000000         ;                BLX     R0
  156 00000000 4805            LDR              R0, =__main
  157 00000002 4700            BX               R0



ARM Macro Assembler    Page 5 


  158 00000004                 ENDP
  159 00000004         
  160 00000004         
  161 00000004         ; Dummy Exception Handlers (infinite loops which can be 
                       modified)
  162 00000004         
  163 00000004         NMI_Handler
                               PROC
  164 00000004                 EXPORT           NMI_Handler               [WEAK
]
  165 00000004 E7FE            B                .
  166 00000006                 ENDP
  167 00000006         HardFault_Handler
                               PROC
  168 00000006                 EXPORT           HardFault_Handler         [WEAK
]
  169 00000006 E7FE            B                .
  170 00000008                 ENDP
  171 00000008         MemoryManagement_Handler
                               PROC
  172 00000008                 EXPORT           MemoryManagement_Handler  [WEAK
]
  173 00000008 E7FE            B                .
  174 0000000A                 ENDP
  175 0000000A         BusFault_Handler
                               PROC
  176 0000000A                 EXPORT           BusFault_Handler          [WEAK
]
  177 0000000A E7FE            B                .
  178 0000000C                 ENDP
  179 0000000C         UsageFault_Handler
                               PROC
  180 0000000C                 EXPORT           UsageFault_Handler        [WEAK
]
  181 0000000C E7FE            B                .
  182 0000000E                 ENDP
  183 0000000E         SVC_Handler
                               PROC
  184 0000000E                 EXPORT           SVC_Handler               [WEAK
]
  185 0000000E E7FE            B                .
  186 00000010                 ENDP
  187 00000010         DebugMonitor_Handler
                               PROC
  188 00000010                 EXPORT           DebugMonitor_Handler          [
WEAK]
  189 00000010 E7FE            B                .
  190 00000012                 ENDP
  191 00000012         PendSV_Handler
                               PROC
  192 00000012                 EXPORT           PendSV_Handler            [WEAK
]
  193 00000012 E7FE            B                .
  194 00000014                 ENDP
  195 00000014         SysTick_Handler
                               PROC
  196 00000014                 EXPORT           SysTick_Handler            [WEA
K]
  197 00000014 E7FE            B                .



ARM Macro Assembler    Page 6 


  198 00000016                 ENDP
  199 00000016         
  200 00000016         
  201 00000016         
  202 00000016         Default_Handler
                               PROC
  203 00000016                 EXPORT           WWDT_IRQHandler            [WEA
K]
  204 00000016                 EXPORT           BOD_IRQHandler             [WEA
K]
  205 00000016                 EXPORT           DAC_IRQHandler             [WEA
K]
  206 00000016                 EXPORT           RTC_IRQHandler             [WEA
K]
  207 00000016                 EXPORT           EXTI0_IRQHandler           [WEA
K]
  208 00000016                 EXPORT           EXTI1_IRQHandler           [WEA
K]
  209 00000016                 EXPORT           EXTI2_IRQHandler           [WEA
K]
  210 00000016                 EXPORT           EXTI3_IRQHandler           [WEA
K]
  211 00000016                 EXPORT           EXTI4_IRQHandler           [WEA
K]
  212 00000016                 EXPORT           DMA1_CHANNEL1_IRQHandler   [WEA
K]
  213 00000016                 EXPORT           DMA1_CHANNEL2_IRQHandler   [WEA
K]
  214 00000016                 EXPORT           DMA1_CHANNEL3_IRQHandler   [WEA
K]
  215 00000016                 EXPORT           DMA1_CHANNEL4_IRQHandler   [WEA
K]
  216 00000016                 EXPORT           DMA1_CHANNEL5_IRQHandler   [WEA
K]
  217 00000016                 EXPORT           DMA1_CHANNEL6_IRQHandler   [WEA
K]
  218 00000016                 EXPORT           DMA1_CHANNEL7_IRQHandler   [WEA
K]
  219 00000016                 EXPORT           ADC1_2_IRQHandler          [WEA
K]
  220 00000016                 EXPORT           EXTI9_5_IRQHandler         [WEA
K]
  221 00000016                 EXPORT           TIM1FAULT_TIM9_IRQHandler      
[WEAK]
  222 00000016                 EXPORT           TIM10_IRQHandler           [WEA
K]
  223 00000016                 EXPORT           TIM11_IRQHandler           [WEA
K]
  224 00000016                 EXPORT           TIM1_IRQHandler            [WEA
K]
  225 00000016                 EXPORT           TIM2_IRQHandler            [WEA
K]
  226 00000016                 EXPORT           TIM3_IRQHandler            [WEA
K]
  227 00000016                 EXPORT           TIM4_IRQHandler            [WEA
K]
  228 00000016                 EXPORT           I2C1_IRQHandler            [WEA
K]
  229 00000016                 EXPORT           I2C2_IRQHandler            [WEA



ARM Macro Assembler    Page 7 


K]
  230 00000016                 EXPORT           SPI1_IRQHandler            [WEA
K]
  231 00000016                 EXPORT           SPI2_IRQHandler            [WEA
K]
  232 00000016                 EXPORT           UART1_IRQHandler           [WEA
K]
  233 00000016                 EXPORT           UART2_IRQHandler           [WEA
K]
  234 00000016                 EXPORT           UART3_IRQHandler           [WEA
K]
  235 00000016                 EXPORT           EXTI15_10_IRQHandler       [WEA
K]
  236 00000016                 EXPORT           USBWAKEUP_IRQHandler       [WEA
K]
  237 00000016                 EXPORT           TIM8FAULT_TIM12_IRQHandler     
[WEAK]
  238 00000016                 EXPORT           TIM13_IRQHandler           [WEA
K]
  239 00000016                 EXPORT           TIM14_IRQHandler           [WEA
K]
  240 00000016                 EXPORT           TIM8_IRQHandler            [WEA
K]
  241 00000016                 EXPORT           ADC3_IRQHandler            [WEA
K]
  242 00000016                 EXPORT           TIM5_IRQHandler            [WEA
K]
  243 00000016                 EXPORT           SPI3_IRQHandler            [WEA
K]
  244 00000016                 EXPORT           UART4_IRQHandler           [WEA
K]
  245 00000016                 EXPORT           UART5_IRQHandler           [WEA
K]
  246 00000016                 EXPORT           TIM6_IRQHandler            [WEA
K]
  247 00000016                 EXPORT           TIM7_IRQHandler            [WEA
K]
  248 00000016                 EXPORT           DMA2_CHANNEL1_IRQHandler   [WEA
K]
  249 00000016                 EXPORT           DMA2_CHANNEL2_IRQHandler   [WEA
K]
  250 00000016                 EXPORT           DMA2_CHANNEL3_IRQHandler   [WEA
K]
  251 00000016                 EXPORT           DMA2_CHANNEL4_5_IRQHandler  [WE
AK]
  252 00000016                 EXPORT           USB_IRQHandler             [WEA
K]
  253 00000016                 EXPORT           CAN_IRQHandler             [WEA
K]
  254 00000016                 EXPORT           ETH_IRQHandler                 
[WEAK]
  255 00000016                 EXPORT           ETH_PMT_IRQHandler          [WE
AK]
  256 00000016                 EXPORT           CAN2_IRQHandler             [WE
AK]
  257 00000016                 EXPORT           SPI4_IRQHandler                
[WEAK]
  258 00000016                 EXPORT           SPI5_IRQHandler                
[WEAK]



ARM Macro Assembler    Page 8 


  259 00000016         
  260 00000016         
  261 00000016         WWDT_IRQHandler
  262 00000016         BOD_IRQHandler
  263 00000016         DAC_IRQHandler
  264 00000016         RTC_IRQHandler
  265 00000016         EXTI0_IRQHandler
  266 00000016         EXTI1_IRQHandler
  267 00000016         EXTI2_IRQHandler
  268 00000016         EXTI3_IRQHandler
  269 00000016         EXTI4_IRQHandler
  270 00000016         DMA1_CHANNEL1_IRQHandler
  271 00000016         DMA1_CHANNEL2_IRQHandler
  272 00000016         DMA1_CHANNEL3_IRQHandler
  273 00000016         DMA1_CHANNEL4_IRQHandler
  274 00000016         DMA1_CHANNEL5_IRQHandler
  275 00000016         DMA1_CHANNEL6_IRQHandler
  276 00000016         DMA1_CHANNEL7_IRQHandler
  277 00000016         ADC1_2_IRQHandler
  278 00000016         EXTI9_5_IRQHandler
  279 00000016         TIM1FAULT_TIM9_IRQHandler
  280 00000016         TIM10_IRQHandler
  281 00000016         TIM11_IRQHandler
  282 00000016         TIM1_IRQHandler
  283 00000016         TIM2_IRQHandler
  284 00000016         TIM3_IRQHandler
  285 00000016         TIM4_IRQHandler
  286 00000016         I2C1_IRQHandler
  287 00000016         I2C2_IRQHandler
  288 00000016         SPI1_IRQHandler
  289 00000016         SPI2_IRQHandler
  290 00000016         UART1_IRQHandler
  291 00000016         UART2_IRQHandler
  292 00000016         UART3_IRQHandler
  293 00000016         EXTI15_10_IRQHandler
  294 00000016         USBWAKEUP_IRQHandler
  295 00000016         TIM8FAULT_TIM12_IRQHandler
  296 00000016         TIM13_IRQHandler
  297 00000016         TIM14_IRQHandler
  298 00000016         TIM8_IRQHandler
  299 00000016         ADC3_IRQHandler
  300 00000016         TIM5_IRQHandler
  301 00000016         SPI3_IRQHandler
  302 00000016         UART4_IRQHandler
  303 00000016         UART5_IRQHandler
  304 00000016         TIM6_IRQHandler
  305 00000016         TIM7_IRQHandler
  306 00000016         DMA2_CHANNEL1_IRQHandler
  307 00000016         DMA2_CHANNEL2_IRQHandler
  308 00000016         DMA2_CHANNEL3_IRQHandler
  309 00000016         DMA2_CHANNEL4_5_IRQHandler
  310 00000016         CAN_IRQHandler
  311 00000016         CAN2_IRQHandler
  312 00000016         USB_IRQHandler
  313 00000016         ETH_IRQHandler
  314 00000016         ETH_PMT_IRQHandler
  315 00000016         SPI4_IRQHandler
  316 00000016         SPI5_IRQHandler
  317 00000016 E7FE            B                .



ARM Macro Assembler    Page 9 


  318 00000018                 ENDP
  319 00000018         
  320 00000018                 ALIGN
  321 00000018         
  322 00000018         
  323 00000018         ; User Initial Stack & Heap
  324 00000018         
  325 00000018                 IF               :DEF:__MICROLIB
  326 00000018         
  327 00000018                 EXPORT           __initial_sp
  328 00000018                 EXPORT           __heap_base
  329 00000018                 EXPORT           __heap_limit
  330 00000018         
  331 00000018                 ELSE
  345                          ENDIF
  346 00000018         
  347 00000018         
  348 00000018                 END
              00000000 
Command Line: --debug --xref --cpu=Cortex-M3 --apcs=interwork --depend=.\obj\st
artup_g32f1xx_s.d -o.\obj\startup_g32f1xx_s.o -IC:\Keil_v5\ARM\RV31\INC -IC:\Ke
il_v5\ARM\CMSIS\Include --predefine="__MICROLIB SETA 1" --list=.\lst\startup_g3
2f1xx_s.lst ..\..\..\G32F1xx_library\Core\CM3\DeviceSupport\G32F1xx\Startup\rvd
s\startup_G32F1xx_s.s



ARM Macro Assembler    Page 1 Alphabetic symbol ordering
Relocatable symbols

STACK 00000000

Symbol: STACK
   Definitions
      At line 29 in file ..\..\..\G32F1xx_library\Core\CM3\DeviceSupport\G32F1x
x\Startup\rvds\startup_G32F1xx_s.s
   Uses
      None
Comment: STACK unused
Stack_Mem 00000000

Symbol: Stack_Mem
   Definitions
      At line 30 in file ..\..\..\G32F1xx_library\Core\CM3\DeviceSupport\G32F1x
x\Startup\rvds\startup_G32F1xx_s.s
   Uses
      None
Comment: Stack_Mem unused
__initial_sp 00002000

Symbol: __initial_sp
   Definitions
      At line 31 in file ..\..\..\G32F1xx_library\Core\CM3\DeviceSupport\G32F1x
x\Startup\rvds\startup_G32F1xx_s.s
   Uses
      At line 57 in file ..\..\..\G32F1xx_library\Core\CM3\DeviceSupport\G32F1x
x\Startup\rvds\startup_G32F1xx_s.s
      At line 327 in file ..\..\..\G32F1xx_library\Core\CM3\DeviceSupport\G32F1
xx\Startup\rvds\startup_G32F1xx_s.s

3 symbols



ARM Macro Assembler    Page 1 Alphabetic symbol ordering
Relocatable symbols

HEAP 00000000

Symbol: HEAP
   Definitions
      At line 40 in file ..\..\..\G32F1xx_library\Core\CM3\DeviceSupport\G32F1x
x\Startup\rvds\startup_G32F1xx_s.s
   Uses
      None
Comment: HEAP unused
Heap_Mem 00000000

Symbol: Heap_Mem
   Definitions
      At line 42 in file ..\..\..\G32F1xx_library\Core\CM3\DeviceSupport\G32F1x
x\Startup\rvds\startup_G32F1xx_s.s
   Uses
      None
Comment: Heap_Mem unused
__heap_base 00000000

Symbol: __heap_base
   Definitions
      At line 41 in file ..\..\..\G32F1xx_library\Core\CM3\DeviceSupport\G32F1x
x\Startup\rvds\startup_G32F1xx_s.s
   Uses
      At line 328 in file ..\..\..\G32F1xx_library\Core\CM3\DeviceSupport\G32F1
xx\Startup\rvds\startup_G32F1xx_s.s
Comment: __heap_base used once
__heap_limit 00001000

Symbol: __heap_limit
   Definitions
      At line 43 in file ..\..\..\G32F1xx_library\Core\CM3\DeviceSupport\G32F1x
x\Startup\rvds\startup_G32F1xx_s.s
   Uses
      At line 329 in file ..\..\..\G32F1xx_library\Core\CM3\DeviceSupport\G32F1
xx\Startup\rvds\startup_G32F1xx_s.s
Comment: __heap_limit used once
4 symbols



ARM Macro Assembler    Page 1 Alphabetic symbol ordering
Relocatable symbols

RESET 00000000

Symbol: RESET
   Definitions
      At line 52 in file ..\..\..\G32F1xx_library\Core\CM3\DeviceSupport\G32F1x
x\Startup\rvds\startup_G32F1xx_s.s
   Uses
      None
Comment: RESET unused
__Vectors 00000000

Symbol: __Vectors
   Definitions
      At line 57 in file ..\..\..\G32F1xx_library\Core\CM3\DeviceSupport\G32F1x
x\Startup\rvds\startup_G32F1xx_s.s
   Uses
      At line 53 in file ..\..\..\G32F1xx_library\Core\CM3\DeviceSupport\G32F1x
x\Startup\rvds\startup_G32F1xx_s.s
      At line 143 in file ..\..\..\G32F1xx_library\Core\CM3\DeviceSupport\G32F1
xx\Startup\rvds\startup_G32F1xx_s.s

__Vectors_End 00000148

Symbol: __Vectors_End
   Definitions
      At line 141 in file ..\..\..\G32F1xx_library\Core\CM3\DeviceSupport\G32F1
xx\Startup\rvds\startup_G32F1xx_s.s
   Uses
      At line 54 in file ..\..\..\G32F1xx_library\Core\CM3\DeviceSupport\G32F1x
x\Startup\rvds\startup_G32F1xx_s.s
      At line 143 in file ..\..\..\G32F1xx_library\Core\CM3\DeviceSupport\G32F1
xx\Startup\rvds\startup_G32F1xx_s.s

3 symbols



ARM Macro Assembler    Page 1 Alphabetic symbol ordering
Relocatable symbols

.text 00000000

Symbol: .text
   Definitions
      At line 144 in file ..\..\..\G32F1xx_library\Core\CM3\DeviceSupport\G32F1
xx\Startup\rvds\startup_G32F1xx_s.s
   Uses
      None
Comment: .text unused
ADC1_2_IRQHandler 00000016

Symbol: ADC1_2_IRQHandler
   Definitions
      At line 277 in file ..\..\..\G32F1xx_library\Core\CM3\DeviceSupport\G32F1
xx\Startup\rvds\startup_G32F1xx_s.s
   Uses
      At line 92 in file ..\..\..\G32F1xx_library\Core\CM3\DeviceSupport\G32F1x
x\Startup\rvds\startup_G32F1xx_s.s
      At line 219 in file ..\..\..\G32F1xx_library\Core\CM3\DeviceSupport\G32F1
xx\Startup\rvds\startup_G32F1xx_s.s

ADC3_IRQHandler 00000016

Symbol: ADC3_IRQHandler
   Definitions
      At line 299 in file ..\..\..\G32F1xx_library\Core\CM3\DeviceSupport\G32F1
xx\Startup\rvds\startup_G32F1xx_s.s
   Uses
      At line 121 in file ..\..\..\G32F1xx_library\Core\CM3\DeviceSupport\G32F1
xx\Startup\rvds\startup_G32F1xx_s.s
      At line 241 in file ..\..\..\G32F1xx_library\Core\CM3\DeviceSupport\G32F1
xx\Startup\rvds\startup_G32F1xx_s.s

BOD_IRQHandler 00000016

Symbol: BOD_IRQHandler
   Definitions
      At line 262 in file ..\..\..\G32F1xx_library\Core\CM3\DeviceSupport\G32F1
xx\Startup\rvds\startup_G32F1xx_s.s
   Uses
      At line 75 in file ..\..\..\G32F1xx_library\Core\CM3\DeviceSupport\G32F1x
x\Startup\rvds\startup_G32F1xx_s.s
      At line 204 in file ..\..\..\G32F1xx_library\Core\CM3\DeviceSupport\G32F1
xx\Startup\rvds\startup_G32F1xx_s.s

BusFault_Handler 0000000A

Symbol: BusFault_Handler
   Definitions
      At line 175 in file ..\..\..\G32F1xx_library\Core\CM3\DeviceSupport\G32F1
xx\Startup\rvds\startup_G32F1xx_s.s
   Uses
      At line 62 in file ..\..\..\G32F1xx_library\Core\CM3\DeviceSupport\G32F1x
x\Startup\rvds\startup_G32F1xx_s.s
      At line 176 in file ..\..\..\G32F1xx_library\Core\CM3\DeviceSupport\G32F1
xx\Startup\rvds\startup_G32F1xx_s.s

CAN2_IRQHandler 00000016




ARM Macro Assembler    Page 2 Alphabetic symbol ordering
Relocatable symbols

Symbol: CAN2_IRQHandler
   Definitions
      At line 311 in file ..\..\..\G32F1xx_library\Core\CM3\DeviceSupport\G32F1
xx\Startup\rvds\startup_G32F1xx_s.s
   Uses
      At line 139 in file ..\..\..\G32F1xx_library\Core\CM3\DeviceSupport\G32F1
xx\Startup\rvds\startup_G32F1xx_s.s
      At line 256 in file ..\..\..\G32F1xx_library\Core\CM3\DeviceSupport\G32F1
xx\Startup\rvds\startup_G32F1xx_s.s

CAN_IRQHandler 00000016

Symbol: CAN_IRQHandler
   Definitions
      At line 310 in file ..\..\..\G32F1xx_library\Core\CM3\DeviceSupport\G32F1
xx\Startup\rvds\startup_G32F1xx_s.s
   Uses
      At line 95 in file ..\..\..\G32F1xx_library\Core\CM3\DeviceSupport\G32F1x
x\Startup\rvds\startup_G32F1xx_s.s
      At line 253 in file ..\..\..\G32F1xx_library\Core\CM3\DeviceSupport\G32F1
xx\Startup\rvds\startup_G32F1xx_s.s

DAC_IRQHandler 00000016

Symbol: DAC_IRQHandler
   Definitions
      At line 263 in file ..\..\..\G32F1xx_library\Core\CM3\DeviceSupport\G32F1
xx\Startup\rvds\startup_G32F1xx_s.s
   Uses
      At line 76 in file ..\..\..\G32F1xx_library\Core\CM3\DeviceSupport\G32F1x
x\Startup\rvds\startup_G32F1xx_s.s
      At line 205 in file ..\..\..\G32F1xx_library\Core\CM3\DeviceSupport\G32F1
xx\Startup\rvds\startup_G32F1xx_s.s

DMA1_CHANNEL1_IRQHandler 00000016

Symbol: DMA1_CHANNEL1_IRQHandler
   Definitions
      At line 270 in file ..\..\..\G32F1xx_library\Core\CM3\DeviceSupport\G32F1
xx\Startup\rvds\startup_G32F1xx_s.s
   Uses
      At line 85 in file ..\..\..\G32F1xx_library\Core\CM3\DeviceSupport\G32F1x
x\Startup\rvds\startup_G32F1xx_s.s
      At line 212 in file ..\..\..\G32F1xx_library\Core\CM3\DeviceSupport\G32F1
xx\Startup\rvds\startup_G32F1xx_s.s

DMA1_CHANNEL2_IRQHandler 00000016

Symbol: DMA1_CHANNEL2_IRQHandler
   Definitions
      At line 271 in file ..\..\..\G32F1xx_library\Core\CM3\DeviceSupport\G32F1
xx\Startup\rvds\startup_G32F1xx_s.s
   Uses
      At line 86 in file ..\..\..\G32F1xx_library\Core\CM3\DeviceSupport\G32F1x
x\Startup\rvds\startup_G32F1xx_s.s
      At line 213 in file ..\..\..\G32F1xx_library\Core\CM3\DeviceSupport\G32F1
xx\Startup\rvds\startup_G32F1xx_s.s

DMA1_CHANNEL3_IRQHandler 00000016



ARM Macro Assembler    Page 3 Alphabetic symbol ordering
Relocatable symbols


Symbol: DMA1_CHANNEL3_IRQHandler
   Definitions
      At line 272 in file ..\..\..\G32F1xx_library\Core\CM3\DeviceSupport\G32F1
xx\Startup\rvds\startup_G32F1xx_s.s
   Uses
      At line 87 in file ..\..\..\G32F1xx_library\Core\CM3\DeviceSupport\G32F1x
x\Startup\rvds\startup_G32F1xx_s.s
      At line 214 in file ..\..\..\G32F1xx_library\Core\CM3\DeviceSupport\G32F1
xx\Startup\rvds\startup_G32F1xx_s.s

DMA1_CHANNEL4_IRQHandler 00000016

Symbol: DMA1_CHANNEL4_IRQHandler
   Definitions
      At line 273 in file ..\..\..\G32F1xx_library\Core\CM3\DeviceSupport\G32F1
xx\Startup\rvds\startup_G32F1xx_s.s
   Uses
      At line 88 in file ..\..\..\G32F1xx_library\Core\CM3\DeviceSupport\G32F1x
x\Startup\rvds\startup_G32F1xx_s.s
      At line 215 in file ..\..\..\G32F1xx_library\Core\CM3\DeviceSupport\G32F1
xx\Startup\rvds\startup_G32F1xx_s.s

DMA1_CHANNEL5_IRQHandler 00000016

Symbol: DMA1_CHANNEL5_IRQHandler
   Definitions
      At line 274 in file ..\..\..\G32F1xx_library\Core\CM3\DeviceSupport\G32F1
xx\Startup\rvds\startup_G32F1xx_s.s
   Uses
      At line 89 in file ..\..\..\G32F1xx_library\Core\CM3\DeviceSupport\G32F1x
x\Startup\rvds\startup_G32F1xx_s.s
      At line 216 in file ..\..\..\G32F1xx_library\Core\CM3\DeviceSupport\G32F1
xx\Startup\rvds\startup_G32F1xx_s.s

DMA1_CHANNEL6_IRQHandler 00000016

Symbol: DMA1_CHANNEL6_IRQHandler
   Definitions
      At line 275 in file ..\..\..\G32F1xx_library\Core\CM3\DeviceSupport\G32F1
xx\Startup\rvds\startup_G32F1xx_s.s
   Uses
      At line 90 in file ..\..\..\G32F1xx_library\Core\CM3\DeviceSupport\G32F1x
x\Startup\rvds\startup_G32F1xx_s.s
      At line 217 in file ..\..\..\G32F1xx_library\Core\CM3\DeviceSupport\G32F1
xx\Startup\rvds\startup_G32F1xx_s.s

DMA1_CHANNEL7_IRQHandler 00000016

Symbol: DMA1_CHANNEL7_IRQHandler
   Definitions
      At line 276 in file ..\..\..\G32F1xx_library\Core\CM3\DeviceSupport\G32F1
xx\Startup\rvds\startup_G32F1xx_s.s
   Uses
      At line 91 in file ..\..\..\G32F1xx_library\Core\CM3\DeviceSupport\G32F1x
x\Startup\rvds\startup_G32F1xx_s.s
      At line 218 in file ..\..\..\G32F1xx_library\Core\CM3\DeviceSupport\G32F1
xx\Startup\rvds\startup_G32F1xx_s.s




ARM Macro Assembler    Page 4 Alphabetic symbol ordering
Relocatable symbols

DMA2_CHANNEL1_IRQHandler 00000016

Symbol: DMA2_CHANNEL1_IRQHandler
   Definitions
      At line 306 in file ..\..\..\G32F1xx_library\Core\CM3\DeviceSupport\G32F1
xx\Startup\rvds\startup_G32F1xx_s.s
   Uses
      At line 130 in file ..\..\..\G32F1xx_library\Core\CM3\DeviceSupport\G32F1
xx\Startup\rvds\startup_G32F1xx_s.s
      At line 248 in file ..\..\..\G32F1xx_library\Core\CM3\DeviceSupport\G32F1
xx\Startup\rvds\startup_G32F1xx_s.s

DMA2_CHANNEL2_IRQHandler 00000016

Symbol: DMA2_CHANNEL2_IRQHandler
   Definitions
      At line 307 in file ..\..\..\G32F1xx_library\Core\CM3\DeviceSupport\G32F1
xx\Startup\rvds\startup_G32F1xx_s.s
   Uses
      At line 131 in file ..\..\..\G32F1xx_library\Core\CM3\DeviceSupport\G32F1
xx\Startup\rvds\startup_G32F1xx_s.s
      At line 249 in file ..\..\..\G32F1xx_library\Core\CM3\DeviceSupport\G32F1
xx\Startup\rvds\startup_G32F1xx_s.s

DMA2_CHANNEL3_IRQHandler 00000016

Symbol: DMA2_CHANNEL3_IRQHandler
   Definitions
      At line 308 in file ..\..\..\G32F1xx_library\Core\CM3\DeviceSupport\G32F1
xx\Startup\rvds\startup_G32F1xx_s.s
   Uses
      At line 132 in file ..\..\..\G32F1xx_library\Core\CM3\DeviceSupport\G32F1
xx\Startup\rvds\startup_G32F1xx_s.s
      At line 250 in file ..\..\..\G32F1xx_library\Core\CM3\DeviceSupport\G32F1
xx\Startup\rvds\startup_G32F1xx_s.s

DMA2_CHANNEL4_5_IRQHandler 00000016

Symbol: DMA2_CHANNEL4_5_IRQHandler
   Definitions
      At line 309 in file ..\..\..\G32F1xx_library\Core\CM3\DeviceSupport\G32F1
xx\Startup\rvds\startup_G32F1xx_s.s
   Uses
      At line 133 in file ..\..\..\G32F1xx_library\Core\CM3\DeviceSupport\G32F1
xx\Startup\rvds\startup_G32F1xx_s.s
      At line 251 in file ..\..\..\G32F1xx_library\Core\CM3\DeviceSupport\G32F1
xx\Startup\rvds\startup_G32F1xx_s.s

DebugMonitor_Handler 00000010

Symbol: DebugMonitor_Handler
   Definitions
      At line 187 in file ..\..\..\G32F1xx_library\Core\CM3\DeviceSupport\G32F1
xx\Startup\rvds\startup_G32F1xx_s.s
   Uses
      At line 69 in file ..\..\..\G32F1xx_library\Core\CM3\DeviceSupport\G32F1x
x\Startup\rvds\startup_G32F1xx_s.s
      At line 188 in file ..\..\..\G32F1xx_library\Core\CM3\DeviceSupport\G32F1
xx\Startup\rvds\startup_G32F1xx_s.s



ARM Macro Assembler    Page 5 Alphabetic symbol ordering
Relocatable symbols


Default_Handler 00000016

Symbol: Default_Handler
   Definitions
      At line 202 in file ..\..\..\G32F1xx_library\Core\CM3\DeviceSupport\G32F1
xx\Startup\rvds\startup_G32F1xx_s.s
   Uses
      None
Comment: Default_Handler unused
ETH_IRQHandler 00000016

Symbol: ETH_IRQHandler
   Definitions
      At line 313 in file ..\..\..\G32F1xx_library\Core\CM3\DeviceSupport\G32F1
xx\Startup\rvds\startup_G32F1xx_s.s
   Uses
      At line 136 in file ..\..\..\G32F1xx_library\Core\CM3\DeviceSupport\G32F1
xx\Startup\rvds\startup_G32F1xx_s.s
      At line 254 in file ..\..\..\G32F1xx_library\Core\CM3\DeviceSupport\G32F1
xx\Startup\rvds\startup_G32F1xx_s.s

ETH_PMT_IRQHandler 00000016

Symbol: ETH_PMT_IRQHandler
   Definitions
      At line 314 in file ..\..\..\G32F1xx_library\Core\CM3\DeviceSupport\G32F1
xx\Startup\rvds\startup_G32F1xx_s.s
   Uses
      At line 137 in file ..\..\..\G32F1xx_library\Core\CM3\DeviceSupport\G32F1
xx\Startup\rvds\startup_G32F1xx_s.s
      At line 255 in file ..\..\..\G32F1xx_library\Core\CM3\DeviceSupport\G32F1
xx\Startup\rvds\startup_G32F1xx_s.s

EXTI0_IRQHandler 00000016

Symbol: EXTI0_IRQHandler
   Definitions
      At line 265 in file ..\..\..\G32F1xx_library\Core\CM3\DeviceSupport\G32F1
xx\Startup\rvds\startup_G32F1xx_s.s
   Uses
      At line 80 in file ..\..\..\G32F1xx_library\Core\CM3\DeviceSupport\G32F1x
x\Startup\rvds\startup_G32F1xx_s.s
      At line 207 in file ..\..\..\G32F1xx_library\Core\CM3\DeviceSupport\G32F1
xx\Startup\rvds\startup_G32F1xx_s.s

EXTI15_10_IRQHandler 00000016

Symbol: EXTI15_10_IRQHandler
   Definitions
      At line 293 in file ..\..\..\G32F1xx_library\Core\CM3\DeviceSupport\G32F1
xx\Startup\rvds\startup_G32F1xx_s.s
   Uses
      At line 114 in file ..\..\..\G32F1xx_library\Core\CM3\DeviceSupport\G32F1
xx\Startup\rvds\startup_G32F1xx_s.s
      At line 235 in file ..\..\..\G32F1xx_library\Core\CM3\DeviceSupport\G32F1
xx\Startup\rvds\startup_G32F1xx_s.s

EXTI1_IRQHandler 00000016



ARM Macro Assembler    Page 6 Alphabetic symbol ordering
Relocatable symbols


Symbol: EXTI1_IRQHandler
   Definitions
      At line 266 in file ..\..\..\G32F1xx_library\Core\CM3\DeviceSupport\G32F1
xx\Startup\rvds\startup_G32F1xx_s.s
   Uses
      At line 81 in file ..\..\..\G32F1xx_library\Core\CM3\DeviceSupport\G32F1x
x\Startup\rvds\startup_G32F1xx_s.s
      At line 208 in file ..\..\..\G32F1xx_library\Core\CM3\DeviceSupport\G32F1
xx\Startup\rvds\startup_G32F1xx_s.s

EXTI2_IRQHandler 00000016

Symbol: EXTI2_IRQHandler
   Definitions
      At line 267 in file ..\..\..\G32F1xx_library\Core\CM3\DeviceSupport\G32F1
xx\Startup\rvds\startup_G32F1xx_s.s
   Uses
      At line 82 in file ..\..\..\G32F1xx_library\Core\CM3\DeviceSupport\G32F1x
x\Startup\rvds\startup_G32F1xx_s.s
      At line 209 in file ..\..\..\G32F1xx_library\Core\CM3\DeviceSupport\G32F1
xx\Startup\rvds\startup_G32F1xx_s.s

EXTI3_IRQHandler 00000016

Symbol: EXTI3_IRQHandler
   Definitions
      At line 268 in file ..\..\..\G32F1xx_library\Core\CM3\DeviceSupport\G32F1
xx\Startup\rvds\startup_G32F1xx_s.s
   Uses
      At line 83 in file ..\..\..\G32F1xx_library\Core\CM3\DeviceSupport\G32F1x
x\Startup\rvds\startup_G32F1xx_s.s
      At line 210 in file ..\..\..\G32F1xx_library\Core\CM3\DeviceSupport\G32F1
xx\Startup\rvds\startup_G32F1xx_s.s

EXTI4_IRQHandler 00000016

Symbol: EXTI4_IRQHandler
   Definitions
      At line 269 in file ..\..\..\G32F1xx_library\Core\CM3\DeviceSupport\G32F1
xx\Startup\rvds\startup_G32F1xx_s.s
   Uses
      At line 84 in file ..\..\..\G32F1xx_library\Core\CM3\DeviceSupport\G32F1x
x\Startup\rvds\startup_G32F1xx_s.s
      At line 211 in file ..\..\..\G32F1xx_library\Core\CM3\DeviceSupport\G32F1
xx\Startup\rvds\startup_G32F1xx_s.s

EXTI9_5_IRQHandler 00000016

Symbol: EXTI9_5_IRQHandler
   Definitions
      At line 278 in file ..\..\..\G32F1xx_library\Core\CM3\DeviceSupport\G32F1
xx\Startup\rvds\startup_G32F1xx_s.s
   Uses
      At line 97 in file ..\..\..\G32F1xx_library\Core\CM3\DeviceSupport\G32F1x
x\Startup\rvds\startup_G32F1xx_s.s
      At line 220 in file ..\..\..\G32F1xx_library\Core\CM3\DeviceSupport\G32F1
xx\Startup\rvds\startup_G32F1xx_s.s




ARM Macro Assembler    Page 7 Alphabetic symbol ordering
Relocatable symbols

HardFault_Handler 00000006

Symbol: HardFault_Handler
   Definitions
      At line 167 in file ..\..\..\G32F1xx_library\Core\CM3\DeviceSupport\G32F1
xx\Startup\rvds\startup_G32F1xx_s.s
   Uses
      At line 60 in file ..\..\..\G32F1xx_library\Core\CM3\DeviceSupport\G32F1x
x\Startup\rvds\startup_G32F1xx_s.s
      At line 168 in file ..\..\..\G32F1xx_library\Core\CM3\DeviceSupport\G32F1
xx\Startup\rvds\startup_G32F1xx_s.s

I2C1_IRQHandler 00000016

Symbol: I2C1_IRQHandler
   Definitions
      At line 286 in file ..\..\..\G32F1xx_library\Core\CM3\DeviceSupport\G32F1
xx\Startup\rvds\startup_G32F1xx_s.s
   Uses
      At line 105 in file ..\..\..\G32F1xx_library\Core\CM3\DeviceSupport\G32F1
xx\Startup\rvds\startup_G32F1xx_s.s
      At line 228 in file ..\..\..\G32F1xx_library\Core\CM3\DeviceSupport\G32F1
xx\Startup\rvds\startup_G32F1xx_s.s

I2C2_IRQHandler 00000016

Symbol: I2C2_IRQHandler
   Definitions
      At line 287 in file ..\..\..\G32F1xx_library\Core\CM3\DeviceSupport\G32F1
xx\Startup\rvds\startup_G32F1xx_s.s
   Uses
      At line 107 in file ..\..\..\G32F1xx_library\Core\CM3\DeviceSupport\G32F1
xx\Startup\rvds\startup_G32F1xx_s.s
      At line 229 in file ..\..\..\G32F1xx_library\Core\CM3\DeviceSupport\G32F1
xx\Startup\rvds\startup_G32F1xx_s.s

MemoryManagement_Handler 00000008

Symbol: MemoryManagement_Handler
   Definitions
      At line 171 in file ..\..\..\G32F1xx_library\Core\CM3\DeviceSupport\G32F1
xx\Startup\rvds\startup_G32F1xx_s.s
   Uses
      At line 61 in file ..\..\..\G32F1xx_library\Core\CM3\DeviceSupport\G32F1x
x\Startup\rvds\startup_G32F1xx_s.s
      At line 172 in file ..\..\..\G32F1xx_library\Core\CM3\DeviceSupport\G32F1
xx\Startup\rvds\startup_G32F1xx_s.s

NMI_Handler 00000004

Symbol: NMI_Handler
   Definitions
      At line 163 in file ..\..\..\G32F1xx_library\Core\CM3\DeviceSupport\G32F1
xx\Startup\rvds\startup_G32F1xx_s.s
   Uses
      At line 59 in file ..\..\..\G32F1xx_library\Core\CM3\DeviceSupport\G32F1x
x\Startup\rvds\startup_G32F1xx_s.s
      At line 164 in file ..\..\..\G32F1xx_library\Core\CM3\DeviceSupport\G32F1
xx\Startup\rvds\startup_G32F1xx_s.s



ARM Macro Assembler    Page 8 Alphabetic symbol ordering
Relocatable symbols


PendSV_Handler 00000012

Symbol: PendSV_Handler
   Definitions
      At line 191 in file ..\..\..\G32F1xx_library\Core\CM3\DeviceSupport\G32F1
xx\Startup\rvds\startup_G32F1xx_s.s
   Uses
      At line 71 in file ..\..\..\G32F1xx_library\Core\CM3\DeviceSupport\G32F1x
x\Startup\rvds\startup_G32F1xx_s.s
      At line 192 in file ..\..\..\G32F1xx_library\Core\CM3\DeviceSupport\G32F1
xx\Startup\rvds\startup_G32F1xx_s.s

RTC_IRQHandler 00000016

Symbol: RTC_IRQHandler
   Definitions
      At line 264 in file ..\..\..\G32F1xx_library\Core\CM3\DeviceSupport\G32F1
xx\Startup\rvds\startup_G32F1xx_s.s
   Uses
      At line 77 in file ..\..\..\G32F1xx_library\Core\CM3\DeviceSupport\G32F1x
x\Startup\rvds\startup_G32F1xx_s.s
      At line 206 in file ..\..\..\G32F1xx_library\Core\CM3\DeviceSupport\G32F1
xx\Startup\rvds\startup_G32F1xx_s.s

Reset_Handler 00000000

Symbol: Reset_Handler
   Definitions
      At line 149 in file ..\..\..\G32F1xx_library\Core\CM3\DeviceSupport\G32F1
xx\Startup\rvds\startup_G32F1xx_s.s
   Uses
      At line 58 in file ..\..\..\G32F1xx_library\Core\CM3\DeviceSupport\G32F1x
x\Startup\rvds\startup_G32F1xx_s.s
      At line 150 in file ..\..\..\G32F1xx_library\Core\CM3\DeviceSupport\G32F1
xx\Startup\rvds\startup_G32F1xx_s.s

SPI1_IRQHandler 00000016

Symbol: SPI1_IRQHandler
   Definitions
      At line 288 in file ..\..\..\G32F1xx_library\Core\CM3\DeviceSupport\G32F1
xx\Startup\rvds\startup_G32F1xx_s.s
   Uses
      At line 109 in file ..\..\..\G32F1xx_library\Core\CM3\DeviceSupport\G32F1
xx\Startup\rvds\startup_G32F1xx_s.s
      At line 230 in file ..\..\..\G32F1xx_library\Core\CM3\DeviceSupport\G32F1
xx\Startup\rvds\startup_G32F1xx_s.s

SPI2_IRQHandler 00000016

Symbol: SPI2_IRQHandler
   Definitions
      At line 289 in file ..\..\..\G32F1xx_library\Core\CM3\DeviceSupport\G32F1
xx\Startup\rvds\startup_G32F1xx_s.s
   Uses
      At line 110 in file ..\..\..\G32F1xx_library\Core\CM3\DeviceSupport\G32F1
xx\Startup\rvds\startup_G32F1xx_s.s
      At line 231 in file ..\..\..\G32F1xx_library\Core\CM3\DeviceSupport\G32F1



ARM Macro Assembler    Page 9 Alphabetic symbol ordering
Relocatable symbols

xx\Startup\rvds\startup_G32F1xx_s.s

SPI3_IRQHandler 00000016

Symbol: SPI3_IRQHandler
   Definitions
      At line 301 in file ..\..\..\G32F1xx_library\Core\CM3\DeviceSupport\G32F1
xx\Startup\rvds\startup_G32F1xx_s.s
   Uses
      At line 125 in file ..\..\..\G32F1xx_library\Core\CM3\DeviceSupport\G32F1
xx\Startup\rvds\startup_G32F1xx_s.s
      At line 243 in file ..\..\..\G32F1xx_library\Core\CM3\DeviceSupport\G32F1
xx\Startup\rvds\startup_G32F1xx_s.s

SPI4_IRQHandler 00000016

Symbol: SPI4_IRQHandler
   Definitions
      At line 315 in file ..\..\..\G32F1xx_library\Core\CM3\DeviceSupport\G32F1
xx\Startup\rvds\startup_G32F1xx_s.s
   Uses
      At line 122 in file ..\..\..\G32F1xx_library\Core\CM3\DeviceSupport\G32F1
xx\Startup\rvds\startup_G32F1xx_s.s
      At line 257 in file ..\..\..\G32F1xx_library\Core\CM3\DeviceSupport\G32F1
xx\Startup\rvds\startup_G32F1xx_s.s

SPI5_IRQHandler 00000016

Symbol: SPI5_IRQHandler
   Definitions
      At line 316 in file ..\..\..\G32F1xx_library\Core\CM3\DeviceSupport\G32F1
xx\Startup\rvds\startup_G32F1xx_s.s
   Uses
      At line 123 in file ..\..\..\G32F1xx_library\Core\CM3\DeviceSupport\G32F1
xx\Startup\rvds\startup_G32F1xx_s.s
      At line 258 in file ..\..\..\G32F1xx_library\Core\CM3\DeviceSupport\G32F1
xx\Startup\rvds\startup_G32F1xx_s.s

SVC_Handler 0000000E

Symbol: SVC_Handler
   Definitions
      At line 183 in file ..\..\..\G32F1xx_library\Core\CM3\DeviceSupport\G32F1
xx\Startup\rvds\startup_G32F1xx_s.s
   Uses
      At line 68 in file ..\..\..\G32F1xx_library\Core\CM3\DeviceSupport\G32F1x
x\Startup\rvds\startup_G32F1xx_s.s
      At line 184 in file ..\..\..\G32F1xx_library\Core\CM3\DeviceSupport\G32F1
xx\Startup\rvds\startup_G32F1xx_s.s

SysTick_Handler 00000014

Symbol: SysTick_Handler
   Definitions
      At line 195 in file ..\..\..\G32F1xx_library\Core\CM3\DeviceSupport\G32F1
xx\Startup\rvds\startup_G32F1xx_s.s
   Uses
      At line 72 in file ..\..\..\G32F1xx_library\Core\CM3\DeviceSupport\G32F1x
x\Startup\rvds\startup_G32F1xx_s.s



ARM Macro Assembler    Page 10 Alphabetic symbol ordering
Relocatable symbols

      At line 196 in file ..\..\..\G32F1xx_library\Core\CM3\DeviceSupport\G32F1
xx\Startup\rvds\startup_G32F1xx_s.s

TIM10_IRQHandler 00000016

Symbol: TIM10_IRQHandler
   Definitions
      At line 280 in file ..\..\..\G32F1xx_library\Core\CM3\DeviceSupport\G32F1
xx\Startup\rvds\startup_G32F1xx_s.s
   Uses
      At line 99 in file ..\..\..\G32F1xx_library\Core\CM3\DeviceSupport\G32F1x
x\Startup\rvds\startup_G32F1xx_s.s
      At line 222 in file ..\..\..\G32F1xx_library\Core\CM3\DeviceSupport\G32F1
xx\Startup\rvds\startup_G32F1xx_s.s

TIM11_IRQHandler 00000016

Symbol: TIM11_IRQHandler
   Definitions
      At line 281 in file ..\..\..\G32F1xx_library\Core\CM3\DeviceSupport\G32F1
xx\Startup\rvds\startup_G32F1xx_s.s
   Uses
      At line 100 in file ..\..\..\G32F1xx_library\Core\CM3\DeviceSupport\G32F1
xx\Startup\rvds\startup_G32F1xx_s.s
      At line 223 in file ..\..\..\G32F1xx_library\Core\CM3\DeviceSupport\G32F1
xx\Startup\rvds\startup_G32F1xx_s.s

TIM13_IRQHandler 00000016

Symbol: TIM13_IRQHandler
   Definitions
      At line 296 in file ..\..\..\G32F1xx_library\Core\CM3\DeviceSupport\G32F1
xx\Startup\rvds\startup_G32F1xx_s.s
   Uses
      At line 118 in file ..\..\..\G32F1xx_library\Core\CM3\DeviceSupport\G32F1
xx\Startup\rvds\startup_G32F1xx_s.s
      At line 238 in file ..\..\..\G32F1xx_library\Core\CM3\DeviceSupport\G32F1
xx\Startup\rvds\startup_G32F1xx_s.s

TIM14_IRQHandler 00000016

Symbol: TIM14_IRQHandler
   Definitions
      At line 297 in file ..\..\..\G32F1xx_library\Core\CM3\DeviceSupport\G32F1
xx\Startup\rvds\startup_G32F1xx_s.s
   Uses
      At line 119 in file ..\..\..\G32F1xx_library\Core\CM3\DeviceSupport\G32F1
xx\Startup\rvds\startup_G32F1xx_s.s
      At line 239 in file ..\..\..\G32F1xx_library\Core\CM3\DeviceSupport\G32F1
xx\Startup\rvds\startup_G32F1xx_s.s

TIM1FAULT_TIM9_IRQHandler 00000016

Symbol: TIM1FAULT_TIM9_IRQHandler
   Definitions
      At line 279 in file ..\..\..\G32F1xx_library\Core\CM3\DeviceSupport\G32F1
xx\Startup\rvds\startup_G32F1xx_s.s
   Uses
      At line 98 in file ..\..\..\G32F1xx_library\Core\CM3\DeviceSupport\G32F1x



ARM Macro Assembler    Page 11 Alphabetic symbol ordering
Relocatable symbols

x\Startup\rvds\startup_G32F1xx_s.s
      At line 221 in file ..\..\..\G32F1xx_library\Core\CM3\DeviceSupport\G32F1
xx\Startup\rvds\startup_G32F1xx_s.s

TIM1_IRQHandler 00000016

Symbol: TIM1_IRQHandler
   Definitions
      At line 282 in file ..\..\..\G32F1xx_library\Core\CM3\DeviceSupport\G32F1
xx\Startup\rvds\startup_G32F1xx_s.s
   Uses
      At line 101 in file ..\..\..\G32F1xx_library\Core\CM3\DeviceSupport\G32F1
xx\Startup\rvds\startup_G32F1xx_s.s
      At line 224 in file ..\..\..\G32F1xx_library\Core\CM3\DeviceSupport\G32F1
xx\Startup\rvds\startup_G32F1xx_s.s

TIM2_IRQHandler 00000016

Symbol: TIM2_IRQHandler
   Definitions
      At line 283 in file ..\..\..\G32F1xx_library\Core\CM3\DeviceSupport\G32F1
xx\Startup\rvds\startup_G32F1xx_s.s
   Uses
      At line 102 in file ..\..\..\G32F1xx_library\Core\CM3\DeviceSupport\G32F1
xx\Startup\rvds\startup_G32F1xx_s.s
      At line 225 in file ..\..\..\G32F1xx_library\Core\CM3\DeviceSupport\G32F1
xx\Startup\rvds\startup_G32F1xx_s.s

TIM3_IRQHandler 00000016

Symbol: TIM3_IRQHandler
   Definitions
      At line 284 in file ..\..\..\G32F1xx_library\Core\CM3\DeviceSupport\G32F1
xx\Startup\rvds\startup_G32F1xx_s.s
   Uses
      At line 103 in file ..\..\..\G32F1xx_library\Core\CM3\DeviceSupport\G32F1
xx\Startup\rvds\startup_G32F1xx_s.s
      At line 226 in file ..\..\..\G32F1xx_library\Core\CM3\DeviceSupport\G32F1
xx\Startup\rvds\startup_G32F1xx_s.s

TIM4_IRQHandler 00000016

Symbol: TIM4_IRQHandler
   Definitions
      At line 285 in file ..\..\..\G32F1xx_library\Core\CM3\DeviceSupport\G32F1
xx\Startup\rvds\startup_G32F1xx_s.s
   Uses
      At line 104 in file ..\..\..\G32F1xx_library\Core\CM3\DeviceSupport\G32F1
xx\Startup\rvds\startup_G32F1xx_s.s
      At line 227 in file ..\..\..\G32F1xx_library\Core\CM3\DeviceSupport\G32F1
xx\Startup\rvds\startup_G32F1xx_s.s

TIM5_IRQHandler 00000016

Symbol: TIM5_IRQHandler
   Definitions
      At line 300 in file ..\..\..\G32F1xx_library\Core\CM3\DeviceSupport\G32F1
xx\Startup\rvds\startup_G32F1xx_s.s
   Uses



ARM Macro Assembler    Page 12 Alphabetic symbol ordering
Relocatable symbols

      At line 124 in file ..\..\..\G32F1xx_library\Core\CM3\DeviceSupport\G32F1
xx\Startup\rvds\startup_G32F1xx_s.s
      At line 242 in file ..\..\..\G32F1xx_library\Core\CM3\DeviceSupport\G32F1
xx\Startup\rvds\startup_G32F1xx_s.s

TIM6_IRQHandler 00000016

Symbol: TIM6_IRQHandler
   Definitions
      At line 304 in file ..\..\..\G32F1xx_library\Core\CM3\DeviceSupport\G32F1
xx\Startup\rvds\startup_G32F1xx_s.s
   Uses
      At line 128 in file ..\..\..\G32F1xx_library\Core\CM3\DeviceSupport\G32F1
xx\Startup\rvds\startup_G32F1xx_s.s
      At line 246 in file ..\..\..\G32F1xx_library\Core\CM3\DeviceSupport\G32F1
xx\Startup\rvds\startup_G32F1xx_s.s

TIM7_IRQHandler 00000016

Symbol: TIM7_IRQHandler
   Definitions
      At line 305 in file ..\..\..\G32F1xx_library\Core\CM3\DeviceSupport\G32F1
xx\Startup\rvds\startup_G32F1xx_s.s
   Uses
      At line 129 in file ..\..\..\G32F1xx_library\Core\CM3\DeviceSupport\G32F1
xx\Startup\rvds\startup_G32F1xx_s.s
      At line 247 in file ..\..\..\G32F1xx_library\Core\CM3\DeviceSupport\G32F1
xx\Startup\rvds\startup_G32F1xx_s.s

TIM8FAULT_TIM12_IRQHandler 00000016

Symbol: TIM8FAULT_TIM12_IRQHandler
   Definitions
      At line 295 in file ..\..\..\G32F1xx_library\Core\CM3\DeviceSupport\G32F1
xx\Startup\rvds\startup_G32F1xx_s.s
   Uses
      At line 117 in file ..\..\..\G32F1xx_library\Core\CM3\DeviceSupport\G32F1
xx\Startup\rvds\startup_G32F1xx_s.s
      At line 237 in file ..\..\..\G32F1xx_library\Core\CM3\DeviceSupport\G32F1
xx\Startup\rvds\startup_G32F1xx_s.s

TIM8_IRQHandler 00000016

Symbol: TIM8_IRQHandler
   Definitions
      At line 298 in file ..\..\..\G32F1xx_library\Core\CM3\DeviceSupport\G32F1
xx\Startup\rvds\startup_G32F1xx_s.s
   Uses
      At line 120 in file ..\..\..\G32F1xx_library\Core\CM3\DeviceSupport\G32F1
xx\Startup\rvds\startup_G32F1xx_s.s
      At line 240 in file ..\..\..\G32F1xx_library\Core\CM3\DeviceSupport\G32F1
xx\Startup\rvds\startup_G32F1xx_s.s

UART1_IRQHandler 00000016

Symbol: UART1_IRQHandler
   Definitions
      At line 290 in file ..\..\..\G32F1xx_library\Core\CM3\DeviceSupport\G32F1
xx\Startup\rvds\startup_G32F1xx_s.s



ARM Macro Assembler    Page 13 Alphabetic symbol ordering
Relocatable symbols

   Uses
      At line 111 in file ..\..\..\G32F1xx_library\Core\CM3\DeviceSupport\G32F1
xx\Startup\rvds\startup_G32F1xx_s.s
      At line 232 in file ..\..\..\G32F1xx_library\Core\CM3\DeviceSupport\G32F1
xx\Startup\rvds\startup_G32F1xx_s.s

UART2_IRQHandler 00000016

Symbol: UART2_IRQHandler
   Definitions
      At line 291 in file ..\..\..\G32F1xx_library\Core\CM3\DeviceSupport\G32F1
xx\Startup\rvds\startup_G32F1xx_s.s
   Uses
      At line 112 in file ..\..\..\G32F1xx_library\Core\CM3\DeviceSupport\G32F1
xx\Startup\rvds\startup_G32F1xx_s.s
      At line 233 in file ..\..\..\G32F1xx_library\Core\CM3\DeviceSupport\G32F1
xx\Startup\rvds\startup_G32F1xx_s.s

UART3_IRQHandler 00000016

Symbol: UART3_IRQHandler
   Definitions
      At line 292 in file ..\..\..\G32F1xx_library\Core\CM3\DeviceSupport\G32F1
xx\Startup\rvds\startup_G32F1xx_s.s
   Uses
      At line 113 in file ..\..\..\G32F1xx_library\Core\CM3\DeviceSupport\G32F1
xx\Startup\rvds\startup_G32F1xx_s.s
      At line 234 in file ..\..\..\G32F1xx_library\Core\CM3\DeviceSupport\G32F1
xx\Startup\rvds\startup_G32F1xx_s.s

UART4_IRQHandler 00000016

Symbol: UART4_IRQHandler
   Definitions
      At line 302 in file ..\..\..\G32F1xx_library\Core\CM3\DeviceSupport\G32F1
xx\Startup\rvds\startup_G32F1xx_s.s
   Uses
      At line 126 in file ..\..\..\G32F1xx_library\Core\CM3\DeviceSupport\G32F1
xx\Startup\rvds\startup_G32F1xx_s.s
      At line 244 in file ..\..\..\G32F1xx_library\Core\CM3\DeviceSupport\G32F1
xx\Startup\rvds\startup_G32F1xx_s.s

UART5_IRQHandler 00000016

Symbol: UART5_IRQHandler
   Definitions
      At line 303 in file ..\..\..\G32F1xx_library\Core\CM3\DeviceSupport\G32F1
xx\Startup\rvds\startup_G32F1xx_s.s
   Uses
      At line 127 in file ..\..\..\G32F1xx_library\Core\CM3\DeviceSupport\G32F1
xx\Startup\rvds\startup_G32F1xx_s.s
      At line 245 in file ..\..\..\G32F1xx_library\Core\CM3\DeviceSupport\G32F1
xx\Startup\rvds\startup_G32F1xx_s.s

USBWAKEUP_IRQHandler 00000016

Symbol: USBWAKEUP_IRQHandler
   Definitions
      At line 294 in file ..\..\..\G32F1xx_library\Core\CM3\DeviceSupport\G32F1



ARM Macro Assembler    Page 14 Alphabetic symbol ordering
Relocatable symbols

xx\Startup\rvds\startup_G32F1xx_s.s
   Uses
      At line 116 in file ..\..\..\G32F1xx_library\Core\CM3\DeviceSupport\G32F1
xx\Startup\rvds\startup_G32F1xx_s.s
      At line 236 in file ..\..\..\G32F1xx_library\Core\CM3\DeviceSupport\G32F1
xx\Startup\rvds\startup_G32F1xx_s.s

USB_IRQHandler 00000016

Symbol: USB_IRQHandler
   Definitions
      At line 312 in file ..\..\..\G32F1xx_library\Core\CM3\DeviceSupport\G32F1
xx\Startup\rvds\startup_G32F1xx_s.s
   Uses
      At line 93 in file ..\..\..\G32F1xx_library\Core\CM3\DeviceSupport\G32F1x
x\Startup\rvds\startup_G32F1xx_s.s
      At line 252 in file ..\..\..\G32F1xx_library\Core\CM3\DeviceSupport\G32F1
xx\Startup\rvds\startup_G32F1xx_s.s

UsageFault_Handler 0000000C

Symbol: UsageFault_Handler
   Definitions
      At line 179 in file ..\..\..\G32F1xx_library\Core\CM3\DeviceSupport\G32F1
xx\Startup\rvds\startup_G32F1xx_s.s
   Uses
      At line 63 in file ..\..\..\G32F1xx_library\Core\CM3\DeviceSupport\G32F1x
x\Startup\rvds\startup_G32F1xx_s.s
      At line 180 in file ..\..\..\G32F1xx_library\Core\CM3\DeviceSupport\G32F1
xx\Startup\rvds\startup_G32F1xx_s.s

WWDT_IRQHandler 00000016

Symbol: WWDT_IRQHandler
   Definitions
      At line 261 in file ..\..\..\G32F1xx_library\Core\CM3\DeviceSupport\G32F1
xx\Startup\rvds\startup_G32F1xx_s.s
   Uses
      At line 74 in file ..\..\..\G32F1xx_library\Core\CM3\DeviceSupport\G32F1x
x\Startup\rvds\startup_G32F1xx_s.s
      At line 203 in file ..\..\..\G32F1xx_library\Core\CM3\DeviceSupport\G32F1
xx\Startup\rvds\startup_G32F1xx_s.s

68 symbols



ARM Macro Assembler    Page 1 Alphabetic symbol ordering
Absolute symbols

Heap_Size 00001000

Symbol: Heap_Size
   Definitions
      At line 38 in file ..\..\..\G32F1xx_library\Core\CM3\DeviceSupport\G32F1x
x\Startup\rvds\startup_G32F1xx_s.s
   Uses
      At line 42 in file ..\..\..\G32F1xx_library\Core\CM3\DeviceSupport\G32F1x
x\Startup\rvds\startup_G32F1xx_s.s
Comment: Heap_Size used once
Stack_Size 00002000

Symbol: Stack_Size
   Definitions
      At line 27 in file ..\..\..\G32F1xx_library\Core\CM3\DeviceSupport\G32F1x
x\Startup\rvds\startup_G32F1xx_s.s
   Uses
      At line 30 in file ..\..\..\G32F1xx_library\Core\CM3\DeviceSupport\G32F1x
x\Startup\rvds\startup_G32F1xx_s.s
Comment: Stack_Size used once
__Vectors_Size 00000148

Symbol: __Vectors_Size
   Definitions
      At line 143 in file ..\..\..\G32F1xx_library\Core\CM3\DeviceSupport\G32F1
xx\Startup\rvds\startup_G32F1xx_s.s
   Uses
      At line 55 in file ..\..\..\G32F1xx_library\Core\CM3\DeviceSupport\G32F1x
x\Startup\rvds\startup_G32F1xx_s.s
Comment: __Vectors_Size used once
3 symbols



ARM Macro Assembler    Page 1 Alphabetic symbol ordering
External symbols

__main 00000000

Symbol: __main
   Definitions
      At line 151 in file ..\..\..\G32F1xx_library\Core\CM3\DeviceSupport\G32F1
xx\Startup\rvds\startup_G32F1xx_s.s
   Uses
      At line 156 in file ..\..\..\G32F1xx_library\Core\CM3\DeviceSupport\G32F1
xx\Startup\rvds\startup_G32F1xx_s.s
Comment: __main used once
1 symbol
415 symbols in table
